<?xml version="1.0" encoding="UTF-8"?>
<!-- Generated by org.testng.reporters.JUnitXMLReporter -->
<testsuite ignored="0" hostname="LAPTOP-MBA27H4H" failures="0" tests="15" name="Surefire test" time="97.748" errors="0" timestamp="2022-05-17T16:44:17 IST">
  <testcase classname="tests.CreateAccountTest" name="createValidUser" time="1.516"/>
  <testcase classname="tests.CreateAccountTest" name="passwordValidation" time="1.816"/>
  <testcase classname="tests.CreateAccountTest" name="mailValidation" time="1.972"/>
  <testcase classname="tests.ImageTest" name="imageTestInHomePage" time="1.79"/>
  <testcase classname="tests.ImageTest" name="imageTestInSearchResultPage" time="3.296"/>
  <testcase classname="tests.LoginTest" name="validLogincheck" time="4.076"/>
  <testcase classname="tests.LoginTest" name="invalidLogincheck" time="4.737"/>
  <testcase classname="tests.LoginTest" name="invalidUsernameLogincheck" time="4.584"/>
  <testcase classname="tests.LoginTest" name="invalidPasswordLogincheck" time="4.499"/>
  <testcase classname="tests.LoginTest" name="forgetPasswordCheck" time="12.433"/>
  <testcase classname="tests.NavigationTest" name="navigateFromHomeToLoginPage" time="2.364"/>
  <testcase classname="tests.NavigationTest" name="navigateFromHomeToCreateAccountPage" time="2.381"/>
  <testcase classname="tests.NavigationTest" name="navigateFromLoginToCreateAccountPage" time="2.86"/>
  <testcase classname="tests.NavigationTest" name="navigateFromHomeToSearchResultPage" time="1.837"/>
  <testcase classname="tests.OrderFlowTest" name="orderFlowThroughSearch" time="22.094"/>
</testsuite> <!-- Surefire test -->
