<?xml version="1.0" encoding="UTF-8"?>
<testsuite xmlns:xsi="http://www.w3.org/2001/XMLSchema-instance" xsi:noNamespaceSchemaLocation="https://maven.apache.org/surefire/maven-surefire-plugin/xsd/surefire-test-report.xsd" name="TestSuite" time="98.089" tests="15" errors="0" skipped="0" failures="0">
  <properties>
[...]
</properties>
  <testcase name="createValidUser" classname="tests.CreateAccountTest" time="1.519"/>
  <testcase name="passwordValidation" classname="tests.CreateAccountTest" time="1.817"/>
  <testcase name="mailValidation" classname="tests.CreateAccountTest" time="1.972"/>
  <testcase name="imageTestInHomePage" classname="tests.ImageTest" time="1.791"/>
  <testcase name="imageTestInSearchResultPage" classname="tests.ImageTest" time="3.296"/>
  <testcase name="validLogincheck" classname="tests.LoginTest" time="4.076"/>
  <testcase name="invalidLogincheck" classname="tests.LoginTest" time="4.738"/>
  <testcase name="invalidUsernameLogincheck" classname="tests.LoginTest" time="4.585"/>
  <testcase name="invalidPasswordLogincheck" classname="tests.LoginTest" time="4.499"/>
  <testcase name="forgetPasswordCheck" classname="tests.LoginTest" time="12.433"/>
  <testcase name="navigateFromHomeToLoginPage" classname="tests.NavigationTest" time="2.363"/>
  <testcase name="navigateFromHomeToCreateAccountPage" classname="tests.NavigationTest" time="2.382"/>
  <testcase name="navigateFromLoginToCreateAccountPage" classname="tests.NavigationTest" time="2.859"/>
  <testcase name="navigateFromHomeToSearchResultPage" classname="tests.NavigationTest" time="1.837"/>
  <testcase name="orderFlowThroughSearch" classname="tests.OrderFlowTest" time="22.095"/>
</testsuite>