<?xml version="1.0" encoding="UTF-8"?>
<testng-results ignored="0" total="1" passed="1" failed="0" skipped="0">
  <reporter-output>
  </reporter-output>
  <suite started-at="2022-07-27T17:32:48 IST" name="Default suite" finished-at="2022-07-27T17:33:13 IST" duration-ms="25825">
    <groups>
    </groups>
    <test started-at="2022-07-27T17:32:48 IST" name="Default test" finished-at="2022-07-27T17:33:13 IST" duration-ms="25825">
      <class name="tests.OrderFlowTest">
        <test-method is-config="true" signature="startDriver()[pri:0, instance:tests.OrderFlowTest@1f0f1111]" started-at="2022-07-27T17:32:48 IST" name="startDriver" finished-at="2022-07-27T17:32:49 IST" duration-ms="1696" status="PASS">
          <reporter-output>
          </reporter-output>
        </test-method> <!-- startDriver -->
        <test-method signature="orderFlowThroughSearch()[pri:0, instance:tests.OrderFlowTest@1f0f1111]" started-at="2022-07-27T17:32:49 IST" name="orderFlowThroughSearch" finished-at="2022-07-27T17:33:13 IST" duration-ms="24009" status="PASS">
          <reporter-output>
          </reporter-output>
        </test-method> <!-- orderFlowThroughSearch -->
        <test-method is-config="true" signature="quitDriver(org.testng.ITestResult)[pri:0, instance:tests.OrderFlowTest@1f0f1111]" started-at="2022-07-27T17:33:13 IST" name="quitDriver" finished-at="2022-07-27T17:33:13 IST" duration-ms="87" status="PASS">
          <params>
            <param index="0">
              <value>
                <![CDATA[[TestResult name=orderFlowThroughSearch status=SUCCESS method=OrderFlowTest.orderFlowThroughSearch()[pri:0, instance:tests.OrderFlowTest@1f0f1111] output={null}]]]>
              </value>
            </param>
          </params>
          <reporter-output>
          </reporter-output>
        </test-method> <!-- quitDriver -->
      </class> <!-- tests.OrderFlowTest -->
    </test> <!-- Default test -->
  </suite> <!-- Default suite -->
</testng-results>
